{"total": {"lines":{"total":548,"covered":468,"skipped":0,"pct":85.4},"statements":{"total":581,"covered":494,"skipped":0,"pct":85.03},"functions":{"total":155,"covered":127,"skipped":0,"pct":81.94},"branches":{"total":69,"covered":52,"skipped":0,"pct":75.36}}
,"/Users/ben/morbid/built/src/extraction/src/extraction/extraction-queries.ts": {"lines":{"total":23,"covered":9,"skipped":0,"pct":39.13},"functions":{"total":10,"covered":6,"skipped":0,"pct":60},"statements":{"total":25,"covered":11,"skipped":0,"pct":44},"branches":{"total":4,"covered":0,"skipped":0,"pct":0}}
,"/Users/ben/morbid/built/src/extraction/src/extraction/schema-extractor.ts": {"lines":{"total":18,"covered":7,"skipped":0,"pct":38.89},"functions":{"total":12,"covered":2,"skipped":0,"pct":16.67},"statements":{"total":18,"covered":7,"skipped":0,"pct":38.89},"branches":{"total":6,"covered":0,"skipped":0,"pct":0}}
,"/Users/ben/morbid/built/src/interface/builder/src/interface/builder/builder-types.ts": {"lines":{"total":13,"covered":13,"skipped":0,"pct":100},"functions":{"total":4,"covered":3,"skipped":0,"pct":75},"statements":{"total":14,"covered":13,"skipped":0,"pct":92.86},"branches":{"total":0,"covered":0,"skipped":0,"pct":100}}
,"/Users/ben/morbid/built/src/interface/builder/src/interface/builder/builder.ts": {"lines":{"total":76,"covered":72,"skipped":0,"pct":94.74},"functions":{"total":24,"covered":22,"skipped":0,"pct":91.67},"statements":{"total":81,"covered":76,"skipped":0,"pct":93.83},"branches":{"total":2,"covered":2,"skipped":0,"pct":100}}
,"/Users/ben/morbid/built/src/interface/execution/src/interface/execution/pipe.ts": {"lines":{"total":22,"covered":12,"skipped":0,"pct":54.55},"functions":{"total":5,"covered":4,"skipped":0,"pct":80},"statements":{"total":22,"covered":12,"skipped":0,"pct":54.55},"branches":{"total":6,"covered":3,"skipped":0,"pct":50}}
,"/Users/ben/morbid/built/src/interface/execution/src/interface/execution/run.ts": {"lines":{"total":31,"covered":27,"skipped":0,"pct":87.1},"functions":{"total":7,"covered":7,"skipped":0,"pct":100},"statements":{"total":32,"covered":28,"skipped":0,"pct":87.5},"branches":{"total":6,"covered":5,"skipped":0,"pct":83.33}}
,"/Users/ben/morbid/built/src/interface/src/interface/client-tracker.ts": {"lines":{"total":26,"covered":21,"skipped":0,"pct":80.77},"functions":{"total":7,"covered":3,"skipped":0,"pct":42.86},"statements":{"total":28,"covered":21,"skipped":0,"pct":75},"branches":{"total":0,"covered":0,"skipped":0,"pct":100}}
,"/Users/ben/morbid/built/src/interface/src/interface/table-client-root.ts": {"lines":{"total":13,"covered":13,"skipped":0,"pct":100},"functions":{"total":7,"covered":7,"skipped":0,"pct":100},"statements":{"total":13,"covered":13,"skipped":0,"pct":100},"branches":{"total":2,"covered":2,"skipped":0,"pct":100}}
,"/Users/ben/morbid/built/src/interface/src/interface/table-client-wrapper.ts": {"lines":{"total":16,"covered":15,"skipped":0,"pct":93.75},"functions":{"total":6,"covered":5,"skipped":0,"pct":83.33},"statements":{"total":17,"covered":16,"skipped":0,"pct":94.12},"branches":{"total":0,"covered":0,"skipped":0,"pct":100}}
,"/Users/ben/morbid/built/src/interface/src/interface/transaction.ts": {"lines":{"total":26,"covered":25,"skipped":0,"pct":96.15},"functions":{"total":7,"covered":7,"skipped":0,"pct":100},"statements":{"total":26,"covered":25,"skipped":0,"pct":96.15},"branches":{"total":15,"covered":15,"skipped":0,"pct":100}}
,"/Users/ben/morbid/built/src/interface/table/src/interface/table/delete.ts": {"lines":{"total":11,"covered":11,"skipped":0,"pct":100},"functions":{"total":4,"covered":4,"skipped":0,"pct":100},"statements":{"total":12,"covered":12,"skipped":0,"pct":100},"branches":{"total":0,"covered":0,"skipped":0,"pct":100}}
,"/Users/ben/morbid/built/src/interface/table/src/interface/table/insert.ts": {"lines":{"total":11,"covered":11,"skipped":0,"pct":100},"functions":{"total":4,"covered":4,"skipped":0,"pct":100},"statements":{"total":12,"covered":12,"skipped":0,"pct":100},"branches":{"total":0,"covered":0,"skipped":0,"pct":100}}
,"/Users/ben/morbid/built/src/interface/table/src/interface/table/read.ts": {"lines":{"total":13,"covered":13,"skipped":0,"pct":100},"functions":{"total":5,"covered":5,"skipped":0,"pct":100},"statements":{"total":15,"covered":15,"skipped":0,"pct":100},"branches":{"total":0,"covered":0,"skipped":0,"pct":100}}
,"/Users/ben/morbid/built/src/interface/table/src/interface/table/update.ts": {"lines":{"total":13,"covered":13,"skipped":0,"pct":100},"functions":{"total":5,"covered":4,"skipped":0,"pct":80},"statements":{"total":14,"covered":13,"skipped":0,"pct":92.86},"branches":{"total":0,"covered":0,"skipped":0,"pct":100}}
,"/Users/ben/morbid/built/src/migrations/src/migrations/migrater.ts": {"lines":{"total":41,"covered":34,"skipped":0,"pct":82.93},"functions":{"total":7,"covered":7,"skipped":0,"pct":100},"statements":{"total":44,"covered":37,"skipped":0,"pct":84.09},"branches":{"total":0,"covered":0,"skipped":0,"pct":100}}
,"/Users/ben/morbid/built/src/sql-construction/src/sql-construction/select.ts": {"lines":{"total":29,"covered":27,"skipped":0,"pct":93.1},"functions":{"total":8,"covered":8,"skipped":0,"pct":100},"statements":{"total":31,"covered":29,"skipped":0,"pct":93.55},"branches":{"total":6,"covered":4,"skipped":0,"pct":66.67}}
,"/Users/ben/morbid/built/src/sql-construction/table/src/sql-construction/table/delete.ts": {"lines":{"total":26,"covered":26,"skipped":0,"pct":100},"functions":{"total":5,"covered":5,"skipped":0,"pct":100},"statements":{"total":28,"covered":28,"skipped":0,"pct":100},"branches":{"total":3,"covered":3,"skipped":0,"pct":100}}
,"/Users/ben/morbid/built/src/sql-construction/table/src/sql-construction/table/insert.ts": {"lines":{"total":24,"covered":23,"skipped":0,"pct":95.83},"functions":{"total":7,"covered":7,"skipped":0,"pct":100},"statements":{"total":27,"covered":26,"skipped":0,"pct":96.3},"branches":{"total":6,"covered":6,"skipped":0,"pct":100}}
,"/Users/ben/morbid/built/src/sql-construction/table/src/sql-construction/table/select.ts": {"lines":{"total":28,"covered":28,"skipped":0,"pct":100},"functions":{"total":5,"covered":5,"skipped":0,"pct":100},"statements":{"total":30,"covered":30,"skipped":0,"pct":100},"branches":{"total":4,"covered":4,"skipped":0,"pct":100}}
,"/Users/ben/morbid/built/src/sql-construction/table/src/sql-construction/table/update.ts": {"lines":{"total":32,"covered":25,"skipped":0,"pct":78.13},"functions":{"total":5,"covered":4,"skipped":0,"pct":80},"statements":{"total":34,"covered":26,"skipped":0,"pct":76.47},"branches":{"total":7,"covered":7,"skipped":0,"pct":100}}
,"/Users/ben/morbid/built/src/src/index.ts": {"lines":{"total":19,"covered":18,"skipped":0,"pct":94.74},"functions":{"total":3,"covered":3,"skipped":0,"pct":100},"statements":{"total":20,"covered":19,"skipped":0,"pct":95},"branches":{"total":1,"covered":1,"skipped":0,"pct":100}}
,"/Users/ben/morbid/built/test/samples/test/samples/sample-morbid-test-output-definition.ts": {"lines":{"total":1,"covered":1,"skipped":0,"pct":100},"functions":{"total":0,"covered":0,"skipped":0,"pct":100},"statements":{"total":1,"covered":1,"skipped":0,"pct":100},"branches":{"total":0,"covered":0,"skipped":0,"pct":100}}
,"/Users/ben/morbid/built/test/setup/test/setup/drop-and-setup-schema.ts": {"lines":{"total":2,"covered":1,"skipped":0,"pct":50},"functions":{"total":1,"covered":0,"skipped":0,"pct":0},"statements":{"total":2,"covered":1,"skipped":0,"pct":50},"branches":{"total":0,"covered":0,"skipped":0,"pct":100}}
,"/Users/ben/morbid/built/test/test/test-config.ts": {"lines":{"total":1,"covered":1,"skipped":0,"pct":100},"functions":{"total":0,"covered":0,"skipped":0,"pct":100},"statements":{"total":1,"covered":1,"skipped":0,"pct":100},"branches":{"total":0,"covered":0,"skipped":0,"pct":100}}
,"/Users/ben/morbid/built/test/test-utilities/test/test-utilities/common.ts": {"lines":{"total":33,"covered":22,"skipped":0,"pct":66.67},"functions":{"total":7,"covered":5,"skipped":0,"pct":71.43},"statements":{"total":34,"covered":22,"skipped":0,"pct":64.71},"branches":{"total":1,"covered":0,"skipped":0,"pct":0}}
}
