{"total": {"lines":{"total":499,"covered":439,"skipped":0,"pct":87.98},"statements":{"total":523,"covered":458,"skipped":0,"pct":87.57},"functions":{"total":125,"covered":111,"skipped":0,"pct":88.8},"branches":{"total":173,"covered":132,"skipped":0,"pct":76.3}}
,"/home/sammons/Workspace/morbid/built/src/extraction/src/extraction/extraction-queries.ts": {"lines":{"total":33,"covered":26,"skipped":0,"pct":78.79},"functions":{"total":10,"covered":10,"skipped":0,"pct":100},"statements":{"total":35,"covered":28,"skipped":0,"pct":80},"branches":{"total":18,"covered":11,"skipped":0,"pct":61.11}}
,"/home/sammons/Workspace/morbid/built/src/extraction/src/extraction/schema-extractor.ts": {"lines":{"total":18,"covered":15,"skipped":0,"pct":83.33},"functions":{"total":12,"covered":9,"skipped":0,"pct":75},"statements":{"total":18,"covered":15,"skipped":0,"pct":83.33},"branches":{"total":6,"covered":5,"skipped":0,"pct":83.33}}
,"/home/sammons/Workspace/morbid/built/src/interface/builder/src/interface/builder/builder.ts": {"lines":{"total":52,"covered":47,"skipped":0,"pct":90.38},"functions":{"total":14,"covered":14,"skipped":0,"pct":100},"statements":{"total":55,"covered":50,"skipped":0,"pct":90.91},"branches":{"total":13,"covered":8,"skipped":0,"pct":61.54}}
,"/home/sammons/Workspace/morbid/built/src/interface/execution/src/interface/execution/pipe.ts": {"lines":{"total":28,"covered":18,"skipped":0,"pct":64.29},"functions":{"total":5,"covered":4,"skipped":0,"pct":80},"statements":{"total":28,"covered":18,"skipped":0,"pct":64.29},"branches":{"total":12,"covered":6,"skipped":0,"pct":50}}
,"/home/sammons/Workspace/morbid/built/src/interface/execution/src/interface/execution/run.ts": {"lines":{"total":30,"covered":25,"skipped":0,"pct":83.33},"functions":{"total":6,"covered":6,"skipped":0,"pct":100},"statements":{"total":30,"covered":25,"skipped":0,"pct":83.33},"branches":{"total":12,"covered":9,"skipped":0,"pct":75}}
,"/home/sammons/Workspace/morbid/built/src/interface/src/interface/client-tracker.ts": {"lines":{"total":32,"covered":26,"skipped":0,"pct":81.25},"functions":{"total":7,"covered":3,"skipped":0,"pct":42.86},"statements":{"total":34,"covered":26,"skipped":0,"pct":76.47},"branches":{"total":12,"covered":8,"skipped":0,"pct":66.67}}
,"/home/sammons/Workspace/morbid/built/src/interface/src/interface/table-client-root.ts": {"lines":{"total":13,"covered":13,"skipped":0,"pct":100},"functions":{"total":7,"covered":7,"skipped":0,"pct":100},"statements":{"total":13,"covered":13,"skipped":0,"pct":100},"branches":{"total":2,"covered":2,"skipped":0,"pct":100}}
,"/home/sammons/Workspace/morbid/built/src/interface/src/interface/table-client-wrapper.ts": {"lines":{"total":16,"covered":15,"skipped":0,"pct":93.75},"functions":{"total":6,"covered":5,"skipped":0,"pct":83.33},"statements":{"total":17,"covered":16,"skipped":0,"pct":94.12},"branches":{"total":0,"covered":0,"skipped":0,"pct":100}}
,"/home/sammons/Workspace/morbid/built/src/interface/src/interface/transaction.ts": {"lines":{"total":32,"covered":31,"skipped":0,"pct":96.88},"functions":{"total":7,"covered":7,"skipped":0,"pct":100},"statements":{"total":32,"covered":31,"skipped":0,"pct":96.88},"branches":{"total":25,"covered":22,"skipped":0,"pct":88}}
,"/home/sammons/Workspace/morbid/built/src/interface/table/src/interface/table/delete.ts": {"lines":{"total":11,"covered":11,"skipped":0,"pct":100},"functions":{"total":4,"covered":4,"skipped":0,"pct":100},"statements":{"total":12,"covered":12,"skipped":0,"pct":100},"branches":{"total":0,"covered":0,"skipped":0,"pct":100}}
,"/home/sammons/Workspace/morbid/built/src/interface/table/src/interface/table/insert.ts": {"lines":{"total":11,"covered":11,"skipped":0,"pct":100},"functions":{"total":4,"covered":4,"skipped":0,"pct":100},"statements":{"total":12,"covered":12,"skipped":0,"pct":100},"branches":{"total":0,"covered":0,"skipped":0,"pct":100}}
,"/home/sammons/Workspace/morbid/built/src/interface/table/src/interface/table/read.ts": {"lines":{"total":13,"covered":13,"skipped":0,"pct":100},"functions":{"total":5,"covered":5,"skipped":0,"pct":100},"statements":{"total":15,"covered":15,"skipped":0,"pct":100},"branches":{"total":0,"covered":0,"skipped":0,"pct":100}}
,"/home/sammons/Workspace/morbid/built/src/interface/table/src/interface/table/update.ts": {"lines":{"total":13,"covered":13,"skipped":0,"pct":100},"functions":{"total":5,"covered":4,"skipped":0,"pct":80},"statements":{"total":14,"covered":13,"skipped":0,"pct":92.86},"branches":{"total":0,"covered":0,"skipped":0,"pct":100}}
,"/home/sammons/Workspace/morbid/built/src/sql-construction/table/src/sql-construction/table/delete.ts": {"lines":{"total":32,"covered":32,"skipped":0,"pct":100},"functions":{"total":5,"covered":5,"skipped":0,"pct":100},"statements":{"total":34,"covered":34,"skipped":0,"pct":100},"branches":{"total":13,"covered":13,"skipped":0,"pct":100}}
,"/home/sammons/Workspace/morbid/built/src/sql-construction/table/src/sql-construction/table/insert.ts": {"lines":{"total":29,"covered":28,"skipped":0,"pct":96.55},"functions":{"total":7,"covered":7,"skipped":0,"pct":100},"statements":{"total":32,"covered":31,"skipped":0,"pct":96.88},"branches":{"total":14,"covered":12,"skipped":0,"pct":85.71}}
,"/home/sammons/Workspace/morbid/built/src/sql-construction/table/src/sql-construction/table/select.ts": {"lines":{"total":34,"covered":34,"skipped":0,"pct":100},"functions":{"total":5,"covered":5,"skipped":0,"pct":100},"statements":{"total":36,"covered":36,"skipped":0,"pct":100},"branches":{"total":14,"covered":14,"skipped":0,"pct":100}}
,"/home/sammons/Workspace/morbid/built/src/sql-construction/table/src/sql-construction/table/update.ts": {"lines":{"total":40,"covered":33,"skipped":0,"pct":82.5},"functions":{"total":5,"covered":4,"skipped":0,"pct":80},"statements":{"total":42,"covered":34,"skipped":0,"pct":80.95},"branches":{"total":19,"covered":15,"skipped":0,"pct":78.95}}
,"/home/sammons/Workspace/morbid/built/src/src/index.ts": {"lines":{"total":18,"covered":17,"skipped":0,"pct":94.44},"functions":{"total":3,"covered":3,"skipped":0,"pct":100},"statements":{"total":19,"covered":18,"skipped":0,"pct":94.74},"branches":{"total":4,"covered":3,"skipped":0,"pct":75}}
,"/home/sammons/Workspace/morbid/built/test/samples/test/samples/sample-morbid-test-output-definition.ts": {"lines":{"total":1,"covered":1,"skipped":0,"pct":100},"functions":{"total":0,"covered":0,"skipped":0,"pct":100},"statements":{"total":1,"covered":1,"skipped":0,"pct":100},"branches":{"total":0,"covered":0,"skipped":0,"pct":100}}
,"/home/sammons/Workspace/morbid/built/test/setup/test/setup/drop-and-setup-schema.ts": {"lines":{"total":2,"covered":1,"skipped":0,"pct":50},"functions":{"total":1,"covered":0,"skipped":0,"pct":0},"statements":{"total":2,"covered":1,"skipped":0,"pct":50},"branches":{"total":0,"covered":0,"skipped":0,"pct":100}}
,"/home/sammons/Workspace/morbid/built/test/test/test-config.ts": {"lines":{"total":1,"covered":1,"skipped":0,"pct":100},"functions":{"total":0,"covered":0,"skipped":0,"pct":100},"statements":{"total":1,"covered":1,"skipped":0,"pct":100},"branches":{"total":0,"covered":0,"skipped":0,"pct":100}}
,"/home/sammons/Workspace/morbid/built/test/test-utilities/test/test-utilities/common.ts": {"lines":{"total":40,"covered":28,"skipped":0,"pct":70},"functions":{"total":7,"covered":5,"skipped":0,"pct":71.43},"statements":{"total":41,"covered":28,"skipped":0,"pct":68.29},"branches":{"total":9,"covered":4,"skipped":0,"pct":44.44}}
}
